[0.015s] Invoking command in '/root/my_ros2_ws/src/rt2_assignment1/build/rt2_assignment1': /usr/bin/cmake /root/my_ros2_ws/src/rt2_assignment1 -DCMAKE_INSTALL_PREFIX=/root/my_ros2_ws/src/rt2_assignment1/install/rt2_assignment1
[0.120s] -- The C compiler identification is GNU 9.3.0
[0.177s] -- The CXX compiler identification is GNU 9.3.0
[0.183s] -- Check for working C compiler: /usr/bin/cc
[0.244s] -- Check for working C compiler: /usr/bin/cc -- works
[0.246s] -- Detecting C compiler ABI info
[0.308s] -- Detecting C compiler ABI info - done
[0.318s] -- Detecting C compile features
[0.318s] -- Detecting C compile features - done
[0.321s] -- Check for working CXX compiler: /usr/bin/c++
[0.394s] -- Check for working CXX compiler: /usr/bin/c++ -- works
[0.395s] -- Detecting CXX compiler ABI info
[0.467s] -- Detecting CXX compiler ABI info - done
[0.477s] -- Detecting CXX compile features
[0.478s] -- Detecting CXX compile features - done
[0.496s] CMake Error at CMakeLists.txt:20 (find_package):
[0.496s]   By not providing "Findament_cmake.cmake" in CMAKE_MODULE_PATH this project
[0.496s]   has asked CMake to find a package configuration file provided by
[0.496s]   "ament_cmake", but CMake did not find one.
[0.496s] 
[0.496s]   Could not find a package configuration file provided by "ament_cmake" with
[0.496s]   any of the following names:
[0.496s] 
[0.497s]     ament_cmakeConfig.cmake
[0.497s]     ament_cmake-config.cmake
[0.497s] 
[0.497s]   Add the installation prefix of "ament_cmake" to CMAKE_PREFIX_PATH or set
[0.497s]   "ament_cmake_DIR" to a directory containing one of the above files.  If
[0.497s]   "ament_cmake" provides a separate development package or SDK, be sure it
[0.497s]   has been installed.
[0.497s] 
[0.497s] 
[0.497s] -- Configuring incomplete, errors occurred!
[0.497s] See also "/root/my_ros2_ws/src/rt2_assignment1/build/rt2_assignment1/CMakeFiles/CMakeOutput.log".
[0.499s] Invoked command in '/root/my_ros2_ws/src/rt2_assignment1/build/rt2_assignment1' returned '1': /usr/bin/cmake /root/my_ros2_ws/src/rt2_assignment1 -DCMAKE_INSTALL_PREFIX=/root/my_ros2_ws/src/rt2_assignment1/install/rt2_assignment1
